vdraw: Warning 5247: se_opamp_tile.1 com DL8: Component DL8 (DL?), Symbol=Via_Models:via_dl_aoi21 at (1040, 950), is not connected.
vdraw: Warning 5247: se_opamp_tile.1 com DL9: Component DL9 (DL?), Symbol=Via_Models:via_dl_aoi21 at (890, 950), is not connected.
vdraw: Warning 5247: se_opamp_tile.1 com DL10: Component DL10 (DL?), Symbol=Via_Models:via_dl_aoi21 at (740, 950), is not connected.
vdraw: Warning 5247: se_opamp_tile.1 com DL11: Component DL11 (DL?), Symbol=Via_Models:via_dl_aoi21 at (590, 950), is not connected.
vdraw: Warning 5247: se_opamp_tile.1 com DL12: Component DL12 (DL?), Symbol=Via_Models:via_dl_aoi21 at (440, 950), is not connected.
vdraw: Warning 5247: se_opamp_tile.1 com DL13: Component DL13 (DL?), Symbol=Via_Models:via_dl_aoi21 at (290, 950), is not connected.
vdraw: Warning 5247: se_opamp_tile.1 com DL6: Component DL6 (DL?), Symbol=Via_Models:via_dl_aoi21 at (1040, 850), is not connected.
vdraw: Warning 5247: se_opamp_tile.1 com DL7: Component DL7 (DL?), Symbol=Via_Models:via_dl_aoi21 at (890, 850), is not connected.
vdraw: Warning 5247: se_opamp_tile.1 com DL2: Component DL2 (DL?), Symbol=Via_Models:via_dl_aoi21 at (740, 850), is not connected.
vdraw: Warning 5247: se_opamp_tile.1 com DL3: Component DL3 (DL?), Symbol=Via_Models:via_dl_aoi21 at (590, 850), is not connected.
vdraw: Warning 5247: se_opamp_tile.1 com DL1: Component DL1 (DL?), Symbol=Via_Models:via_dl_aoi21 at (440, 850), is not connected.
vdraw: Warning 5247: se_opamp_tile.1 com SW12: Component SW12 (SW?), Symbol=Via_Models:via_sw_spst at (1010, 720), is not connected.
vdraw: Warning 5247: se_opamp_tile.1 com SW13: Component SW13 (SW?), Symbol=Via_Models:via_sw_spst at (950, 720), is not connected.
vdraw: Warning 5247: se_opamp_tile.1 com SW14: Component SW14 (SW?), Symbol=Via_Models:via_sw_spst at (890, 720), is not connected.
vdraw: Warning 5247: se_opamp_tile.1 com SW15: Component SW15 (SW?), Symbol=Via_Models:via_sw_spst at (830, 720), is not connected.
vdraw: Warning 5247: se_opamp_tile.1 com SW16: Component SW16 (SW?), Symbol=Via_Models:via_sw_spst at (770, 720), is not connected.
vdraw: Warning 5247: se_opamp_tile.1 com SW5: Component SW5 (SW?), Symbol=Via_Models:via_sw_spst at (710, 720), is not connected.
vdraw: Warning 5247: se_opamp_tile.1 com SW6: Component SW6 (SW?), Symbol=Via_Models:via_sw_spst at (650, 720), is not connected.
vdraw: Warning 5247: se_opamp_tile.1 com SW7: Component SW7 (SW?), Symbol=Via_Models:via_sw_spst at (590, 720), is not connected.
vdraw: Warning 5247: se_opamp_tile.1 com SW8: Component SW8 (SW?), Symbol=Via_Models:via_sw_spst at (530, 720), is not connected.
vdraw: Warning 5247: se_opamp_tile.1 com SW3: Component SW3 (SW?), Symbol=Via_Models:via_sw_spst at (470, 720), is not connected.
vdraw: Warning 5247: se_opamp_tile.1 com SW4: Component SW4 (SW?), Symbol=Via_Models:via_sw_spst at (410, 720), is not connected.
vdraw: Warning 5247: se_opamp_tile.1 com SW2: Component SW2 (SW?), Symbol=Via_Models:via_sw_spst at (350, 720), is not connected.
vdraw: Warning 5247: se_opamp_tile.1 com R17: Component R17 (R?), Symbol=Via_Models:via_res_2p at (950, 670), is not connected.
vdraw: Warning 5247: se_opamp_tile.1 com R18: Component R18 (R?), Symbol=Via_Models:via_res_2p at (860, 670), is not connected.
vdraw: Warning 5247: se_opamp_tile.1 com R19: Component R19 (R?), Symbol=Via_Models:via_res_2p at (760, 670), is not connected.
vdraw: Warning 5247: se_opamp_tile.1 com R20: Component R20 (R?), Symbol=Via_Models:via_res_2p at (670, 670), is not connected.
vdraw: Warning 5247: se_opamp_tile.1 com R21: Component R21 (R?), Symbol=Via_Models:via_res_2p at (570, 670), is not connected.
vdraw: Warning 5247: se_opamp_tile.1 com R22: Component R22 (R?), Symbol=Via_Models:via_res_2p at (480, 670), is not connected.
vdraw: Warning 5247: se_opamp_tile.1 com R23: Component R23 (R?), Symbol=Via_Models:via_res_2p at (380, 670), is not connected.
vdraw: Warning 5247: se_opamp_tile.1 com R24: Component R24 (R?), Symbol=Via_Models:via_res_2p at (290, 670), is not connected.
vdraw: Warning 5247: se_opamp_tile.1 com R25: Component R25 (R?), Symbol=Via_Models:via_res_2p at (950, 630), is not connected.
vdraw: Warning 5247: se_opamp_tile.1 com R26: Component R26 (R?), Symbol=Via_Models:via_res_2p at (860, 630), is not connected.
vdraw: Warning 5247: se_opamp_tile.1 com R27: Component R27 (R?), Symbol=Via_Models:via_res_2p at (760, 630), is not connected.
vdraw: Warning 5247: se_opamp_tile.1 com R28: Component R28 (R?), Symbol=Via_Models:via_res_2p at (670, 630), is not connected.
vdraw: Warning 5247: se_opamp_tile.1 com R29: Component R29 (R?), Symbol=Via_Models:via_res_2p at (570, 630), is not connected.
vdraw: Warning 5247: se_opamp_tile.1 com R30: Component R30 (R?), Symbol=Via_Models:via_res_2p at (480, 630), is not connected.
vdraw: Warning 5247: se_opamp_tile.1 com R31: Component R31 (R?), Symbol=Via_Models:via_res_2p at (380, 630), is not connected.
vdraw: Warning 5247: se_opamp_tile.1 com R32: Component R32 (R?), Symbol=Via_Models:via_res_2p at (290, 630), is not connected.
vdraw: Warning 5247: se_opamp_tile.1 com R9: Component R9 (R?), Symbol=Via_Models:via_res_2p at (950, 590), is not connected.
vdraw: Warning 5247: se_opamp_tile.1 com R10: Component R10 (R?), Symbol=Via_Models:via_res_2p at (860, 590), is not connected.
vdraw: Warning 5247: se_opamp_tile.1 com R11: Component R11 (R?), Symbol=Via_Models:via_res_2p at (760, 590), is not connected.
vdraw: Warning 5247: se_opamp_tile.1 com R12: Component R12 (R?), Symbol=Via_Models:via_res_2p at (670, 590), is not connected.
vdraw: Warning 5247: se_opamp_tile.1 com R13: Component R13 (R?), Symbol=Via_Models:via_res_2p at (570, 590), is not connected.
vdraw: Warning 5247: se_opamp_tile.1 com R14: Component R14 (R?), Symbol=Via_Models:via_res_2p at (480, 590), is not connected.
vdraw: Warning 5247: se_opamp_tile.1 com R15: Component R15 (R?), Symbol=Via_Models:via_res_2p at (380, 590), is not connected.
vdraw: Warning 5247: se_opamp_tile.1 com R16: Component R16 (R?), Symbol=Via_Models:via_res_2p at (290, 590), is not connected.
vdraw: Warning 5247: se_opamp_tile.1 com R5: Component R5 (R?), Symbol=Via_Models:via_res_2p at (950, 550), is not connected.
vdraw: Warning 5247: se_opamp_tile.1 com R6: Component R6 (R?), Symbol=Via_Models:via_res_2p at (860, 550), is not connected.
vdraw: Warning 5247: se_opamp_tile.1 com R7: Component R7 (R?), Symbol=Via_Models:via_res_2p at (760, 550), is not connected.
vdraw: Warning 5247: se_opamp_tile.1 com R8: Component R8 (R?), Symbol=Via_Models:via_res_2p at (670, 550), is not connected.
vdraw: Warning 5247: se_opamp_tile.1 com R3: Component R3 (R?), Symbol=Via_Models:via_res_2p at (570, 550), is not connected.
vdraw: Warning 5247: se_opamp_tile.1 com R4: Component R4 (R?), Symbol=Via_Models:via_res_2p at (480, 550), is not connected.
vdraw: Warning 5247: se_opamp_tile.1 com R2: Component R2 (R?), Symbol=Via_Models:via_res_2p at (380, 550), is not connected.
vdraw: Warning 5247: se_opamp_tile.1 com C17: Component C17 (C?), Symbol=Via_Models:via_cap_2p at (990, 480), is not connected.
vdraw: Warning 5247: se_opamp_tile.1 com C18: Component C18 (C?), Symbol=Via_Models:via_cap_2p at (890, 480), is not connected.
vdraw: Warning 5247: se_opamp_tile.1 com C19: Component C19 (C?), Symbol=Via_Models:via_cap_2p at (790, 480), is not connected.
vdraw: Warning 5247: se_opamp_tile.1 com C20: Component C20 (C?), Symbol=Via_Models:via_cap_2p at (690, 480), is not connected.
vdraw: Warning 5247: se_opamp_tile.1 com C21: Component C21 (C?), Symbol=Via_Models:via_cap_2p at (590, 480), is not connected.
vdraw: Warning 5247: se_opamp_tile.1 com C22: Component C22 (C?), Symbol=Via_Models:via_cap_2p at (490, 480), is not connected.
vdraw: Warning 5247: se_opamp_tile.1 com C23: Component C23 (C?), Symbol=Via_Models:via_cap_2p at (390, 480), is not connected.
vdraw: Warning 5247: se_opamp_tile.1 com C25: Component C25 (C?), Symbol=Via_Models:via_cap_2p at (990, 410), is not connected.
vdraw: Warning 5247: se_opamp_tile.1 com C26: Component C26 (C?), Symbol=Via_Models:via_cap_2p at (890, 410), is not connected.
vdraw: Warning 5247: se_opamp_tile.1 com C27: Component C27 (C?), Symbol=Via_Models:via_cap_2p at (790, 410), is not connected.
vdraw: Warning 5247: se_opamp_tile.1 com C28: Component C28 (C?), Symbol=Via_Models:via_cap_2p at (690, 410), is not connected.
vdraw: Warning 5247: se_opamp_tile.1 com C29: Component C29 (C?), Symbol=Via_Models:via_cap_2p at (590, 410), is not connected.
vdraw: Warning 5247: se_opamp_tile.1 com C30: Component C30 (C?), Symbol=Via_Models:via_cap_2p at (490, 410), is not connected.
vdraw: Warning 5247: se_opamp_tile.1 com C31: Component C31 (C?), Symbol=Via_Models:via_cap_2p at (390, 410), is not connected.
vdraw: Warning 5247: se_opamp_tile.1 com C32: Component C32 (C?), Symbol=Via_Models:via_cap_2p at (290, 410), is not connected.
vdraw: Warning 5247: se_opamp_tile.1 com C9: Component C9 (C?), Symbol=Via_Models:via_cap_2p at (990, 340), is not connected.
vdraw: Warning 5247: se_opamp_tile.1 com C10: Component C10 (C?), Symbol=Via_Models:via_cap_2p at (890, 340), is not connected.
vdraw: Warning 5247: se_opamp_tile.1 com C11: Component C11 (C?), Symbol=Via_Models:via_cap_2p at (790, 340), is not connected.
vdraw: Warning 5247: se_opamp_tile.1 com C12: Component C12 (C?), Symbol=Via_Models:via_cap_2p at (690, 340), is not connected.
vdraw: Warning 5247: se_opamp_tile.1 com C13: Component C13 (C?), Symbol=Via_Models:via_cap_2p at (590, 340), is not connected.
vdraw: Warning 5247: se_opamp_tile.1 com C14: Component C14 (C?), Symbol=Via_Models:via_cap_2p at (490, 340), is not connected.
vdraw: Warning 5247: se_opamp_tile.1 com C15: Component C15 (C?), Symbol=Via_Models:via_cap_2p at (390, 340), is not connected.
vdraw: Warning 5247: se_opamp_tile.1 com C16: Component C16 (C?), Symbol=Via_Models:via_cap_2p at (290, 340), is not connected.
vdraw: Warning 5247: se_opamp_tile.1 com C5: Component C5 (C?), Symbol=Via_Models:via_cap_2p at (990, 270), is not connected.
vdraw: Warning 5247: se_opamp_tile.1 com C6: Component C6 (C?), Symbol=Via_Models:via_cap_2p at (890, 270), is not connected.
vdraw: Warning 5247: se_opamp_tile.1 com C7: Component C7 (C?), Symbol=Via_Models:via_cap_2p at (790, 270), is not connected.
vdraw: Warning 5247: se_opamp_tile.1 com C8: Component C8 (C?), Symbol=Via_Models:via_cap_2p at (690, 270), is not connected.
vdraw: Warning 5247: se_opamp_tile.1 com C3: Component C3 (C?), Symbol=Via_Models:via_cap_2p at (590, 270), is not connected.
vdraw: Warning 5247: se_opamp_tile.1 com C4: Component C4 (C?), Symbol=Via_Models:via_cap_2p at (490, 270), is not connected.
vdraw: Warning 5247: se_opamp_tile.1 com C2: Component C2 (C?), Symbol=Via_Models:via_cap_2p at (390, 270), is not connected.
vdraw: Warning 5247: se_opamp_tile.1 com C1: Component C1 (C1), Symbol=Via_Models:via_cap_2p at (290, 270), is not connected.
vdraw: Warning 5247: se_opamp_tile.1 com C24: Component C24 (C?), Symbol=Via_Models:via_cap_2p at (290, 480), is not connected.
vdraw: Warning 5247: se_opamp_tile.1 com R1: Component R1 (R1), Symbol=Via_Models:via_res_2p at (290, 550), is not connected.
vdraw: Warning 5247: se_opamp_tile.1 com SW1: Component SW1 (SW1), Symbol=Via_Models:via_sw_spst at (290, 720), is not connected.
vdraw: Warning 5247: se_opamp_tile.1 com AL1: Component AL1 (AL1), Symbol=Via_Models:via_dl_aoi21 at (290, 850), is not connected.
vdraw: Warning 5247: se_opamp_tile.1 com AMP1: Component AMP1 (AMP1), Symbol=Via_Models:via_amp_oa at (490, 70), is not connected.
vdraw: Warning 5247: se_opamp_tile.1 com AMP2: Component AMP2 (AMP?), Symbol=Via_Models:via_amp_oa at (810, 70), is not connected.
vdraw: Warning 5247: se_opamp_tile.1 com DL8: Component DL8 (DL?), Symbol=Via_Models:via_dl_aoi21 at (1040, 950), is not connected.
vdraw: Warning 5247: se_opamp_tile.1 com DL9: Component DL9 (DL?), Symbol=Via_Models:via_dl_aoi21 at (890, 950), is not connected.
vdraw: Warning 5247: se_opamp_tile.1 com DL10: Component DL10 (DL?), Symbol=Via_Models:via_dl_aoi21 at (740, 950), is not connected.
vdraw: Warning 5247: se_opamp_tile.1 com DL11: Component DL11 (DL?), Symbol=Via_Models:via_dl_aoi21 at (590, 950), is not connected.
vdraw: Warning 5247: se_opamp_tile.1 com DL12: Component DL12 (DL?), Symbol=Via_Models:via_dl_aoi21 at (440, 950), is not connected.
vdraw: Warning 5247: se_opamp_tile.1 com DL13: Component DL13 (DL?), Symbol=Via_Models:via_dl_aoi21 at (290, 950), is not connected.
vdraw: Warning 5247: se_opamp_tile.1 com DL6: Component DL6 (DL?), Symbol=Via_Models:via_dl_aoi21 at (1040, 850), is not connected.
vdraw: Warning 5247: se_opamp_tile.1 com DL7: Component DL7 (DL?), Symbol=Via_Models:via_dl_aoi21 at (890, 850), is not connected.
vdraw: Warning 5247: se_opamp_tile.1 com DL2: Component DL2 (DL?), Symbol=Via_Models:via_dl_aoi21 at (740, 850), is not connected.
vdraw: Warning 5247: se_opamp_tile.1 com DL3: Component DL3 (DL?), Symbol=Via_Models:via_dl_aoi21 at (590, 850), is not connected.
vdraw: Warning 5247: se_opamp_tile.1 com DL1: Component DL1 (DL?), Symbol=Via_Models:via_dl_aoi21 at (440, 850), is not connected.
vdraw: Warning 5247: se_opamp_tile.1 com SW12: Component SW12 (SW?), Symbol=Via_Models:via_sw_spst at (1010, 720), is not connected.
vdraw: Warning 5247: se_opamp_tile.1 com SW13: Component SW13 (SW?), Symbol=Via_Models:via_sw_spst at (950, 720), is not connected.
vdraw: Warning 5247: se_opamp_tile.1 com SW14: Component SW14 (SW?), Symbol=Via_Models:via_sw_spst at (890, 720), is not connected.
vdraw: Warning 5247: se_opamp_tile.1 com SW15: Component SW15 (SW?), Symbol=Via_Models:via_sw_spst at (830, 720), is not connected.
vdraw: Warning 5247: se_opamp_tile.1 com SW16: Component SW16 (SW?), Symbol=Via_Models:via_sw_spst at (770, 720), is not connected.
vdraw: Warning 5247: se_opamp_tile.1 com SW5: Component SW5 (SW?), Symbol=Via_Models:via_sw_spst at (710, 720), is not connected.
vdraw: Warning 5247: se_opamp_tile.1 com SW6: Component SW6 (SW?), Symbol=Via_Models:via_sw_spst at (650, 720), is not connected.
vdraw: Warning 5247: se_opamp_tile.1 com SW7: Component SW7 (SW?), Symbol=Via_Models:via_sw_spst at (590, 720), is not connected.
vdraw: Warning 5247: se_opamp_tile.1 com SW8: Component SW8 (SW?), Symbol=Via_Models:via_sw_spst at (530, 720), is not connected.
vdraw: Warning 5247: se_opamp_tile.1 com SW3: Component SW3 (SW?), Symbol=Via_Models:via_sw_spst at (470, 720), is not connected.
vdraw: Warning 5247: se_opamp_tile.1 com SW4: Component SW4 (SW?), Symbol=Via_Models:via_sw_spst at (410, 720), is not connected.
vdraw: Warning 5247: se_opamp_tile.1 com SW2: Component SW2 (SW?), Symbol=Via_Models:via_sw_spst at (350, 720), is not connected.
vdraw: Warning 5247: se_opamp_tile.1 com R17: Component R17 (R?), Symbol=Via_Models:via_res_2p at (950, 670), is not connected.
vdraw: Warning 5247: se_opamp_tile.1 com R18: Component R18 (R?), Symbol=Via_Models:via_res_2p at (860, 670), is not connected.
vdraw: Warning 5247: se_opamp_tile.1 com R19: Component R19 (R?), Symbol=Via_Models:via_res_2p at (760, 670), is not connected.
vdraw: Warning 5247: se_opamp_tile.1 com R20: Component R20 (R?), Symbol=Via_Models:via_res_2p at (670, 670), is not connected.
vdraw: Warning 5247: se_opamp_tile.1 com R21: Component R21 (R?), Symbol=Via_Models:via_res_2p at (570, 670), is not connected.
vdraw: Warning 5247: se_opamp_tile.1 com R22: Component R22 (R?), Symbol=Via_Models:via_res_2p at (480, 670), is not connected.
vdraw: Warning 5247: se_opamp_tile.1 com R23: Component R23 (R?), Symbol=Via_Models:via_res_2p at (380, 670), is not connected.
vdraw: Warning 5247: se_opamp_tile.1 com R24: Component R24 (R?), Symbol=Via_Models:via_res_2p at (290, 670), is not connected.
vdraw: Warning 5247: se_opamp_tile.1 com R25: Component R25 (R?), Symbol=Via_Models:via_res_2p at (950, 630), is not connected.
vdraw: Warning 5247: se_opamp_tile.1 com R26: Component R26 (R?), Symbol=Via_Models:via_res_2p at (860, 630), is not connected.
vdraw: Warning 5247: se_opamp_tile.1 com R27: Component R27 (R?), Symbol=Via_Models:via_res_2p at (760, 630), is not connected.
vdraw: Warning 5247: se_opamp_tile.1 com R28: Component R28 (R?), Symbol=Via_Models:via_res_2p at (670, 630), is not connected.
vdraw: Warning 5247: se_opamp_tile.1 com R29: Component R29 (R?), Symbol=Via_Models:via_res_2p at (570, 630), is not connected.
vdraw: Warning 5247: se_opamp_tile.1 com R30: Component R30 (R?), Symbol=Via_Models:via_res_2p at (480, 630), is not connected.
vdraw: Warning 5247: se_opamp_tile.1 com R31: Component R31 (R?), Symbol=Via_Models:via_res_2p at (380, 630), is not connected.
vdraw: Warning 5247: se_opamp_tile.1 com R32: Component R32 (R?), Symbol=Via_Models:via_res_2p at (290, 630), is not connected.
vdraw: Warning 5247: se_opamp_tile.1 com R9: Component R9 (R?), Symbol=Via_Models:via_res_2p at (950, 590), is not connected.
vdraw: Warning 5247: se_opamp_tile.1 com R10: Component R10 (R?), Symbol=Via_Models:via_res_2p at (860, 590), is not connected.
vdraw: Warning 5247: se_opamp_tile.1 com R11: Component R11 (R?), Symbol=Via_Models:via_res_2p at (760, 590), is not connected.
vdraw: Warning 5247: se_opamp_tile.1 com R12: Component R12 (R?), Symbol=Via_Models:via_res_2p at (670, 590), is not connected.
vdraw: Warning 5247: se_opamp_tile.1 com R13: Component R13 (R?), Symbol=Via_Models:via_res_2p at (570, 590), is not connected.
vdraw: Warning 5247: se_opamp_tile.1 com R14: Component R14 (R?), Symbol=Via_Models:via_res_2p at (480, 590), is not connected.
vdraw: Warning 5247: se_opamp_tile.1 com R15: Component R15 (R?), Symbol=Via_Models:via_res_2p at (380, 590), is not connected.
vdraw: Warning 5247: se_opamp_tile.1 com R16: Component R16 (R?), Symbol=Via_Models:via_res_2p at (290, 590), is not connected.
vdraw: Warning 5247: se_opamp_tile.1 com R5: Component R5 (R?), Symbol=Via_Models:via_res_2p at (950, 550), is not connected.
vdraw: Warning 5247: se_opamp_tile.1 com R6: Component R6 (R?), Symbol=Via_Models:via_res_2p at (860, 550), is not connected.
vdraw: Warning 5247: se_opamp_tile.1 com R7: Component R7 (R?), Symbol=Via_Models:via_res_2p at (760, 550), is not connected.
vdraw: Warning 5247: se_opamp_tile.1 com R8: Component R8 (R?), Symbol=Via_Models:via_res_2p at (670, 550), is not connected.
vdraw: Warning 5247: se_opamp_tile.1 com R3: Component R3 (R?), Symbol=Via_Models:via_res_2p at (570, 550), is not connected.
vdraw: Warning 5247: se_opamp_tile.1 com R4: Component R4 (R?), Symbol=Via_Models:via_res_2p at (480, 550), is not connected.
vdraw: Warning 5247: se_opamp_tile.1 com R2: Component R2 (R?), Symbol=Via_Models:via_res_2p at (380, 550), is not connected.
vdraw: Warning 5247: se_opamp_tile.1 com C17: Component C17 (C?), Symbol=Via_Models:via_cap_2p at (990, 480), is not connected.
vdraw: Warning 5247: se_opamp_tile.1 com C18: Component C18 (C?), Symbol=Via_Models:via_cap_2p at (890, 480), is not connected.
vdraw: Warning 5247: se_opamp_tile.1 com C19: Component C19 (C?), Symbol=Via_Models:via_cap_2p at (790, 480), is not connected.
vdraw: Warning 5247: se_opamp_tile.1 com C20: Component C20 (C?), Symbol=Via_Models:via_cap_2p at (690, 480), is not connected.
vdraw: Warning 5247: se_opamp_tile.1 com C21: Component C21 (C?), Symbol=Via_Models:via_cap_2p at (590, 480), is not connected.
vdraw: Warning 5247: se_opamp_tile.1 com C22: Component C22 (C?), Symbol=Via_Models:via_cap_2p at (490, 480), is not connected.
vdraw: Warning 5247: se_opamp_tile.1 com C23: Component C23 (C?), Symbol=Via_Models:via_cap_2p at (390, 480), is not connected.
vdraw: Warning 5247: se_opamp_tile.1 com C25: Component C25 (C?), Symbol=Via_Models:via_cap_2p at (990, 410), is not connected.
vdraw: Warning 5247: se_opamp_tile.1 com C26: Component C26 (C?), Symbol=Via_Models:via_cap_2p at (890, 410), is not connected.
vdraw: Warning 5247: se_opamp_tile.1 com C27: Component C27 (C?), Symbol=Via_Models:via_cap_2p at (790, 410), is not connected.
vdraw: Warning 5247: se_opamp_tile.1 com C28: Component C28 (C?), Symbol=Via_Models:via_cap_2p at (690, 410), is not connected.
vdraw: Warning 5247: se_opamp_tile.1 com C29: Component C29 (C?), Symbol=Via_Models:via_cap_2p at (590, 410), is not connected.
vdraw: Warning 5247: se_opamp_tile.1 com C30: Component C30 (C?), Symbol=Via_Models:via_cap_2p at (490, 410), is not connected.
vdraw: Warning 5247: se_opamp_tile.1 com C31: Component C31 (C?), Symbol=Via_Models:via_cap_2p at (390, 410), is not connected.
vdraw: Warning 5247: se_opamp_tile.1 com C32: Component C32 (C?), Symbol=Via_Models:via_cap_2p at (290, 410), is not connected.
vdraw: Warning 5247: se_opamp_tile.1 com C9: Component C9 (C?), Symbol=Via_Models:via_cap_2p at (990, 340), is not connected.
vdraw: Warning 5247: se_opamp_tile.1 com C10: Component C10 (C?), Symbol=Via_Models:via_cap_2p at (890, 340), is not connected.
vdraw: Warning 5247: se_opamp_tile.1 com C11: Component C11 (C?), Symbol=Via_Models:via_cap_2p at (790, 340), is not connected.
vdraw: Warning 5247: se_opamp_tile.1 com C12: Component C12 (C?), Symbol=Via_Models:via_cap_2p at (690, 340), is not connected.
vdraw: Warning 5247: se_opamp_tile.1 com C13: Component C13 (C?), Symbol=Via_Models:via_cap_2p at (590, 340), is not connected.
vdraw: Warning 5247: se_opamp_tile.1 com C14: Component C14 (C?), Symbol=Via_Models:via_cap_2p at (490, 340), is not connected.
vdraw: Warning 5247: se_opamp_tile.1 com C15: Component C15 (C?), Symbol=Via_Models:via_cap_2p at (390, 340), is not connected.
vdraw: Warning 5247: se_opamp_tile.1 com C16: Component C16 (C?), Symbol=Via_Models:via_cap_2p at (290, 340), is not connected.
vdraw: Warning 5247: se_opamp_tile.1 com C5: Component C5 (C?), Symbol=Via_Models:via_cap_2p at (990, 270), is not connected.
vdraw: Warning 5247: se_opamp_tile.1 com C6: Component C6 (C?), Symbol=Via_Models:via_cap_2p at (890, 270), is not connected.
vdraw: Warning 5247: se_opamp_tile.1 com C7: Component C7 (C?), Symbol=Via_Models:via_cap_2p at (790, 270), is not connected.
vdraw: Warning 5247: se_opamp_tile.1 com C8: Component C8 (C?), Symbol=Via_Models:via_cap_2p at (690, 270), is not connected.
vdraw: Warning 5247: se_opamp_tile.1 com C3: Component C3 (C?), Symbol=Via_Models:via_cap_2p at (590, 270), is not connected.
vdraw: Warning 5247: se_opamp_tile.1 com C4: Component C4 (C?), Symbol=Via_Models:via_cap_2p at (490, 270), is not connected.
vdraw: Warning 5247: se_opamp_tile.1 com C2: Component C2 (C?), Symbol=Via_Models:via_cap_2p at (390, 270), is not connected.
vdraw: Warning 5247: se_opamp_tile.1 com C1: Component C1 (C1), Symbol=Via_Models:via_cap_2p at (290, 270), is not connected.
vdraw: Warning 5247: se_opamp_tile.1 com C24: Component C24 (C?), Symbol=Via_Models:via_cap_2p at (290, 480), is not connected.
vdraw: Warning 5247: se_opamp_tile.1 com R1: Component R1 (R1), Symbol=Via_Models:via_res_2p at (290, 550), is not connected.
vdraw: Warning 5247: se_opamp_tile.1 com SW1: Component SW1 (SW1), Symbol=Via_Models:via_sw_spst at (290, 720), is not connected.
vdraw: Warning 5247: se_opamp_tile.1 com AL1: Component AL1 (AL1), Symbol=Via_Models:via_dl_aoi21 at (290, 850), is not connected.
vdraw: Warning 5247: se_opamp_tile.1 com AMP2: Component AMP2 (AMP?), Symbol=Via_Models:via_amp_oa at (810, 70), is not connected.
vdraw: Warning 5247: se_opamp_tile.1 com DL8: Component DL8 (DL?), Symbol=Via_Models:via_dl_aoi21 at (1040, 950), is not connected.
vdraw: Warning 5247: se_opamp_tile.1 com DL9: Component DL9 (DL?), Symbol=Via_Models:via_dl_aoi21 at (890, 950), is not connected.
vdraw: Warning 5247: se_opamp_tile.1 com DL10: Component DL10 (DL?), Symbol=Via_Models:via_dl_aoi21 at (740, 950), is not connected.
vdraw: Warning 5247: se_opamp_tile.1 com DL11: Component DL11 (DL?), Symbol=Via_Models:via_dl_aoi21 at (590, 950), is not connected.
vdraw: Warning 5247: se_opamp_tile.1 com DL12: Component DL12 (DL?), Symbol=Via_Models:via_dl_aoi21 at (440, 950), is not connected.
vdraw: Warning 5247: se_opamp_tile.1 com DL13: Component DL13 (DL?), Symbol=Via_Models:via_dl_aoi21 at (290, 950), is not connected.
vdraw: Warning 5247: se_opamp_tile.1 com DL6: Component DL6 (DL?), Symbol=Via_Models:via_dl_aoi21 at (1040, 850), is not connected.
vdraw: Warning 5247: se_opamp_tile.1 com DL7: Component DL7 (DL?), Symbol=Via_Models:via_dl_aoi21 at (890, 850), is not connected.
vdraw: Warning 5247: se_opamp_tile.1 com DL2: Component DL2 (DL?), Symbol=Via_Models:via_dl_aoi21 at (740, 850), is not connected.
vdraw: Warning 5247: se_opamp_tile.1 com DL3: Component DL3 (DL?), Symbol=Via_Models:via_dl_aoi21 at (590, 850), is not connected.
vdraw: Warning 5247: se_opamp_tile.1 com DL1: Component DL1 (DL?), Symbol=Via_Models:via_dl_aoi21 at (440, 850), is not connected.
vdraw: Warning 5247: se_opamp_tile.1 com SW12: Component SW12 (SW?), Symbol=Via_Models:via_sw_spst at (1010, 720), is not connected.
vdraw: Warning 5247: se_opamp_tile.1 com SW13: Component SW13 (SW?), Symbol=Via_Models:via_sw_spst at (950, 720), is not connected.
vdraw: Warning 5247: se_opamp_tile.1 com SW14: Component SW14 (SW?), Symbol=Via_Models:via_sw_spst at (890, 720), is not connected.
vdraw: Warning 5247: se_opamp_tile.1 com SW15: Component SW15 (SW?), Symbol=Via_Models:via_sw_spst at (830, 720), is not connected.
vdraw: Warning 5247: se_opamp_tile.1 com SW16: Component SW16 (SW?), Symbol=Via_Models:via_sw_spst at (770, 720), is not connected.
vdraw: Warning 5247: se_opamp_tile.1 com SW5: Component SW5 (SW?), Symbol=Via_Models:via_sw_spst at (710, 720), is not connected.
vdraw: Warning 5247: se_opamp_tile.1 com SW6: Component SW6 (SW?), Symbol=Via_Models:via_sw_spst at (650, 720), is not connected.
vdraw: Warning 5247: se_opamp_tile.1 com SW7: Component SW7 (SW?), Symbol=Via_Models:via_sw_spst at (590, 720), is not connected.
vdraw: Warning 5247: se_opamp_tile.1 com SW8: Component SW8 (SW?), Symbol=Via_Models:via_sw_spst at (530, 720), is not connected.
vdraw: Warning 5247: se_opamp_tile.1 com SW3: Component SW3 (SW?), Symbol=Via_Models:via_sw_spst at (470, 720), is not connected.
vdraw: Warning 5247: se_opamp_tile.1 com SW4: Component SW4 (SW?), Symbol=Via_Models:via_sw_spst at (410, 720), is not connected.
vdraw: Warning 5247: se_opamp_tile.1 com SW2: Component SW2 (SW?), Symbol=Via_Models:via_sw_spst at (350, 720), is not connected.
vdraw: Warning 5247: se_opamp_tile.1 com R17: Component R17 (R?), Symbol=Via_Models:via_res_2p at (950, 670), is not connected.
vdraw: Warning 5247: se_opamp_tile.1 com R18: Component R18 (R?), Symbol=Via_Models:via_res_2p at (860, 670), is not connected.
vdraw: Warning 5247: se_opamp_tile.1 com R19: Component R19 (R?), Symbol=Via_Models:via_res_2p at (760, 670), is not connected.
vdraw: Warning 5247: se_opamp_tile.1 com R20: Component R20 (R?), Symbol=Via_Models:via_res_2p at (670, 670), is not connected.
vdraw: Warning 5247: se_opamp_tile.1 com R21: Component R21 (R?), Symbol=Via_Models:via_res_2p at (570, 670), is not connected.
vdraw: Warning 5247: se_opamp_tile.1 com R22: Component R22 (R?), Symbol=Via_Models:via_res_2p at (480, 670), is not connected.
vdraw: Warning 5247: se_opamp_tile.1 com R23: Component R23 (R?), Symbol=Via_Models:via_res_2p at (380, 670), is not connected.
vdraw: Warning 5247: se_opamp_tile.1 com R24: Component R24 (R?), Symbol=Via_Models:via_res_2p at (290, 670), is not connected.
vdraw: Warning 5247: se_opamp_tile.1 com R25: Component R25 (R?), Symbol=Via_Models:via_res_2p at (950, 630), is not connected.
vdraw: Warning 5247: se_opamp_tile.1 com R26: Component R26 (R?), Symbol=Via_Models:via_res_2p at (860, 630), is not connected.
vdraw: Warning 5247: se_opamp_tile.1 com R27: Component R27 (R?), Symbol=Via_Models:via_res_2p at (760, 630), is not connected.
vdraw: Warning 5247: se_opamp_tile.1 com R28: Component R28 (R?), Symbol=Via_Models:via_res_2p at (670, 630), is not connected.
vdraw: Warning 5247: se_opamp_tile.1 com R29: Component R29 (R?), Symbol=Via_Models:via_res_2p at (570, 630), is not connected.
vdraw: Warning 5247: se_opamp_tile.1 com R30: Component R30 (R?), Symbol=Via_Models:via_res_2p at (480, 630), is not connected.
vdraw: Warning 5247: se_opamp_tile.1 com R31: Component R31 (R?), Symbol=Via_Models:via_res_2p at (380, 630), is not connected.
vdraw: Warning 5247: se_opamp_tile.1 com R32: Component R32 (R?), Symbol=Via_Models:via_res_2p at (290, 630), is not connected.
vdraw: Warning 5247: se_opamp_tile.1 com R9: Component R9 (R?), Symbol=Via_Models:via_res_2p at (950, 590), is not connected.
vdraw: Warning 5247: se_opamp_tile.1 com R10: Component R10 (R?), Symbol=Via_Models:via_res_2p at (860, 590), is not connected.
vdraw: Warning 5247: se_opamp_tile.1 com R11: Component R11 (R?), Symbol=Via_Models:via_res_2p at (760, 590), is not connected.
vdraw: Warning 5247: se_opamp_tile.1 com R12: Component R12 (R?), Symbol=Via_Models:via_res_2p at (670, 590), is not connected.
vdraw: Warning 5247: se_opamp_tile.1 com R13: Component R13 (R?), Symbol=Via_Models:via_res_2p at (570, 590), is not connected.
vdraw: Warning 5247: se_opamp_tile.1 com R14: Component R14 (R?), Symbol=Via_Models:via_res_2p at (480, 590), is not connected.
vdraw: Warning 5247: se_opamp_tile.1 com R15: Component R15 (R?), Symbol=Via_Models:via_res_2p at (380, 590), is not connected.
vdraw: Warning 5247: se_opamp_tile.1 com R16: Component R16 (R?), Symbol=Via_Models:via_res_2p at (290, 590), is not connected.
vdraw: Warning 5247: se_opamp_tile.1 com R5: Component R5 (R?), Symbol=Via_Models:via_res_2p at (950, 550), is not connected.
vdraw: Warning 5247: se_opamp_tile.1 com R6: Component R6 (R?), Symbol=Via_Models:via_res_2p at (860, 550), is not connected.
vdraw: Warning 5247: se_opamp_tile.1 com R7: Component R7 (R?), Symbol=Via_Models:via_res_2p at (760, 550), is not connected.
vdraw: Warning 5247: se_opamp_tile.1 com R8: Component R8 (R?), Symbol=Via_Models:via_res_2p at (670, 550), is not connected.
vdraw: Warning 5247: se_opamp_tile.1 com R3: Component R3 (R?), Symbol=Via_Models:via_res_2p at (570, 550), is not connected.
vdraw: Warning 5247: se_opamp_tile.1 com R4: Component R4 (R?), Symbol=Via_Models:via_res_2p at (480, 550), is not connected.
vdraw: Warning 5247: se_opamp_tile.1 com R2: Component R2 (R?), Symbol=Via_Models:via_res_2p at (380, 550), is not connected.
vdraw: Warning 5247: se_opamp_tile.1 com C17: Component C17 (C?), Symbol=Via_Models:via_cap_2p at (990, 480), is not connected.
vdraw: Warning 5247: se_opamp_tile.1 com C18: Component C18 (C?), Symbol=Via_Models:via_cap_2p at (890, 480), is not connected.
vdraw: Warning 5247: se_opamp_tile.1 com C19: Component C19 (C?), Symbol=Via_Models:via_cap_2p at (790, 480), is not connected.
vdraw: Warning 5247: se_opamp_tile.1 com C20: Component C20 (C?), Symbol=Via_Models:via_cap_2p at (690, 480), is not connected.
vdraw: Warning 5247: se_opamp_tile.1 com C21: Component C21 (C?), Symbol=Via_Models:via_cap_2p at (590, 480), is not connected.
vdraw: Warning 5247: se_opamp_tile.1 com C22: Component C22 (C?), Symbol=Via_Models:via_cap_2p at (490, 480), is not connected.
vdraw: Warning 5247: se_opamp_tile.1 com C23: Component C23 (C?), Symbol=Via_Models:via_cap_2p at (390, 480), is not connected.
vdraw: Warning 5247: se_opamp_tile.1 com C25: Component C25 (C?), Symbol=Via_Models:via_cap_2p at (990, 410), is not connected.
vdraw: Warning 5247: se_opamp_tile.1 com C26: Component C26 (C?), Symbol=Via_Models:via_cap_2p at (890, 410), is not connected.
vdraw: Warning 5247: se_opamp_tile.1 com C27: Component C27 (C?), Symbol=Via_Models:via_cap_2p at (790, 410), is not connected.
vdraw: Warning 5247: se_opamp_tile.1 com C28: Component C28 (C?), Symbol=Via_Models:via_cap_2p at (690, 410), is not connected.
vdraw: Warning 5247: se_opamp_tile.1 com C29: Component C29 (C?), Symbol=Via_Models:via_cap_2p at (590, 410), is not connected.
vdraw: Warning 5247: se_opamp_tile.1 com C30: Component C30 (C?), Symbol=Via_Models:via_cap_2p at (490, 410), is not connected.
vdraw: Warning 5247: se_opamp_tile.1 com C31: Component C31 (C?), Symbol=Via_Models:via_cap_2p at (390, 410), is not connected.
vdraw: Warning 5247: se_opamp_tile.1 com C32: Component C32 (C?), Symbol=Via_Models:via_cap_2p at (290, 410), is not connected.
vdraw: Warning 5247: se_opamp_tile.1 com C9: Component C9 (C?), Symbol=Via_Models:via_cap_2p at (990, 340), is not connected.
vdraw: Warning 5247: se_opamp_tile.1 com C10: Component C10 (C?), Symbol=Via_Models:via_cap_2p at (890, 340), is not connected.
vdraw: Warning 5247: se_opamp_tile.1 com C11: Component C11 (C?), Symbol=Via_Models:via_cap_2p at (790, 340), is not connected.
vdraw: Warning 5247: se_opamp_tile.1 com C12: Component C12 (C?), Symbol=Via_Models:via_cap_2p at (690, 340), is not connected.
vdraw: Warning 5247: se_opamp_tile.1 com C13: Component C13 (C?), Symbol=Via_Models:via_cap_2p at (590, 340), is not connected.
vdraw: Warning 5247: se_opamp_tile.1 com C14: Component C14 (C?), Symbol=Via_Models:via_cap_2p at (490, 340), is not connected.
vdraw: Warning 5247: se_opamp_tile.1 com C15: Component C15 (C?), Symbol=Via_Models:via_cap_2p at (390, 340), is not connected.
vdraw: Warning 5247: se_opamp_tile.1 com C16: Component C16 (C?), Symbol=Via_Models:via_cap_2p at (290, 340), is not connected.
vdraw: Warning 5247: se_opamp_tile.1 com C5: Component C5 (C?), Symbol=Via_Models:via_cap_2p at (990, 270), is not connected.
vdraw: Warning 5247: se_opamp_tile.1 com C6: Component C6 (C?), Symbol=Via_Models:via_cap_2p at (890, 270), is not connected.
vdraw: Warning 5247: se_opamp_tile.1 com C7: Component C7 (C?), Symbol=Via_Models:via_cap_2p at (790, 270), is not connected.
vdraw: Warning 5247: se_opamp_tile.1 com C8: Component C8 (C?), Symbol=Via_Models:via_cap_2p at (690, 270), is not connected.
vdraw: Warning 5247: se_opamp_tile.1 com C3: Component C3 (C?), Symbol=Via_Models:via_cap_2p at (590, 270), is not connected.
vdraw: Warning 5247: se_opamp_tile.1 com C4: Component C4 (C?), Symbol=Via_Models:via_cap_2p at (490, 270), is not connected.
vdraw: Warning 5247: se_opamp_tile.1 com C2: Component C2 (C?), Symbol=Via_Models:via_cap_2p at (390, 270), is not connected.
vdraw: Warning 5247: se_opamp_tile.1 com C1: Component C1 (C1), Symbol=Via_Models:via_cap_2p at (290, 270), is not connected.
vdraw: Warning 5247: se_opamp_tile.1 com C24: Component C24 (C?), Symbol=Via_Models:via_cap_2p at (290, 480), is not connected.
vdraw: Warning 5247: se_opamp_tile.1 com R1: Component R1 (R1), Symbol=Via_Models:via_res_2p at (290, 550), is not connected.
vdraw: Warning 5247: se_opamp_tile.1 com SW1: Component SW1 (SW1), Symbol=Via_Models:via_sw_spst at (290, 720), is not connected.
vdraw: Warning 5247: se_opamp_tile.1 com AL1: Component AL1 (AL1), Symbol=Via_Models:via_dl_aoi21 at (290, 850), is not connected.
vdraw: Warning 5247: se_opamp_tile.1 com AMP1: Component AMP1 (AMP1), Symbol=Via_Models:via_amp_oa at (490, 70), is not connected.
vdraw: Warning 5247: se_opamp_tile.1 com AMP2: Component AMP2 (AMP?), Symbol=Via_Models:via_amp_oa at (810, 70), is not connected.
vdraw: Warning 5240: The schematic core.1 and its corresponding symbol are being extracted from different directories.
vdraw: Warning 5270: core.1 com $1I61: Symbol se_opamp_tile has changed since component $1I61 was instantiated.
vdraw: Warning 5270: core.1 com $1I62: Symbol se_opamp_tile has changed since component $1I62 was instantiated.
vdraw: Warning 5270: core.1 com $1I63: Symbol se_opamp_tile has changed since component $1I63 was instantiated.
vdraw: Warning 5270: core.1 com $1I64: Symbol se_opamp_tile has changed since component $1I64 was instantiated.
vdraw: Warning 5270: core.1 com $1I65: Symbol se_opamp_tile has changed since component $1I65 was instantiated.
vdraw: Warning 5270: core.1 com $1I66: Symbol se_opamp_tile has changed since component $1I66 was instantiated.
vdraw: Warning 5270: core.1 com $1I67: Symbol se_opamp_tile has changed since component $1I67 was instantiated.
vdraw: Warning 5270: core.1 com $1I68: Symbol se_opamp_tile has changed since component $1I68 was instantiated.
vdraw: Warning 5270: core.1 com $1I8: Symbol se_opamp_tile has changed since component $1I8 was instantiated.
vdraw: Warning 5270: core.1 com $1I9: Symbol se_opamp_tile has changed since component $1I9 was instantiated.
vdraw: Warning 5270: core.1 com $1I10: Symbol se_opamp_tile has changed since component $1I10 was instantiated.
vdraw: Warning 5270: core.1 com $1I4: Symbol se_opamp_tile has changed since component $1I4 was instantiated.
vdraw: Warning 5270: core.1 com $1I5: Symbol se_opamp_tile has changed since component $1I5 was instantiated.
vdraw: Warning 5270: core.1 com $1I6: Symbol se_opamp_tile has changed since component $1I6 was instantiated.
vdraw: Warning 5270: core.1 com $1I3: Symbol se_opamp_tile has changed since component $1I3 was instantiated.
vdraw: Warning 5270: core.1 com $1I7: Symbol se_opamp_tile has changed since component $1I7 was instantiated.
vdraw: Warning 5247: core.1 com PAD40: Component PAD40 (PAD?), Symbol=Via_Models:via_pad_ana at (830, 40), is not connected.
vdraw: Warning 5247: core.1 com PAD41: Component PAD41 (PAD?), Symbol=Via_Models:via_pad_ana at (910, 40), is not connected.
vdraw: Warning 5247: core.1 com PAD43: Component PAD43 (PAD?), Symbol=Via_Models:via_pad_ana at (430, 40), is not connected.
vdraw: Warning 5247: core.1 com PAD44: Component PAD44 (PAD?), Symbol=Via_Models:via_pad_ana at (190, 40), is not connected.
vdraw: Warning 5247: core.1 com PAD45: Component PAD45 (PAD?), Symbol=Via_Models:via_pad_ana at (270, 40), is not connected.
vdraw: Warning 5247: core.1 com PAD46: Component PAD46 (PAD?), Symbol=Via_Models:via_pad_ana at (350, 40), is not connected.
vdraw: Warning 5247: core.1 com PAD47: Component PAD47 (PAD?), Symbol=Via_Models:via_pad_ana at (750, 40), is not connected.
vdraw: Warning 5247: core.1 com PAD48: Component PAD48 (PAD?), Symbol=Via_Models:via_pad_ana at (510, 40), is not connected.
vdraw: Warning 5247: core.1 com PAD49: Component PAD49 (PAD?), Symbol=Via_Models:via_pad_ana at (590, 40), is not connected.
vdraw: Warning 5247: core.1 com PAD50: Component PAD50 (PAD?), Symbol=Via_Models:via_pad_ana at (670, 40), is not connected.
vdraw: Warning 5247: core.1 com PAD29: Component PAD29 (PAD?), Symbol=Via_Models:via_pad_ana at (1060, 350), is not connected.
vdraw: Warning 5247: core.1 com PAD30: Component PAD30 (PAD?), Symbol=Via_Models:via_pad_ana at (1060, 270), is not connected.
vdraw: Warning 5247: core.1 com PAD31: Component PAD31 (PAD?), Symbol=Via_Models:via_pad_ana at (1060, 190), is not connected.
vdraw: Warning 5247: core.1 com PAD32: Component PAD32 (PAD?), Symbol=Via_Models:via_pad_ana at (1060, 750), is not connected.
vdraw: Warning 5247: core.1 com PAD33: Component PAD33 (PAD?), Symbol=Via_Models:via_pad_ana at (1060, 990), is not connected.
vdraw: Warning 5247: core.1 com PAD34: Component PAD34 (PAD?), Symbol=Via_Models:via_pad_ana at (1060, 910), is not connected.
vdraw: Warning 5247: core.1 com PAD35: Component PAD35 (PAD?), Symbol=Via_Models:via_pad_ana at (1060, 830), is not connected.
vdraw: Warning 5247: core.1 com PAD36: Component PAD36 (PAD?), Symbol=Via_Models:via_pad_ana at (1060, 430), is not connected.
vdraw: Warning 5247: core.1 com PAD37: Component PAD37 (PAD?), Symbol=Via_Models:via_pad_ana at (1060, 670), is not connected.
vdraw: Warning 5247: core.1 com PAD38: Component PAD38 (PAD?), Symbol=Via_Models:via_pad_ana at (1060, 590), is not connected.
vdraw: Warning 5247: core.1 com PAD39: Component PAD39 (PAD?), Symbol=Via_Models:via_pad_ana at (1060, 510), is not connected.
vdraw: Warning 5247: core.1 com PAD18: Component PAD18 (PAD?), Symbol=Via_Models:via_pad_ana at (830, 1000), is not connected.
vdraw: Warning 5247: core.1 com PAD19: Component PAD19 (PAD?), Symbol=Via_Models:via_pad_ana at (910, 1000), is not connected.
vdraw: Warning 5247: core.1 com PAD20: Component PAD20 (PAD?), Symbol=Via_Models:via_pad_ana at (990, 1000), is not connected.
vdraw: Warning 5247: core.1 com PAD21: Component PAD21 (PAD?), Symbol=Via_Models:via_pad_ana at (430, 1000), is not connected.
vdraw: Warning 5247: core.1 com PAD23: Component PAD23 (PAD?), Symbol=Via_Models:via_pad_ana at (270, 1000), is not connected.
vdraw: Warning 5247: core.1 com PAD24: Component PAD24 (PAD?), Symbol=Via_Models:via_pad_ana at (350, 1000), is not connected.
vdraw: Warning 5247: core.1 com PAD25: Component PAD25 (PAD?), Symbol=Via_Models:via_pad_ana at (750, 1000), is not connected.
vdraw: Warning 5247: core.1 com PAD26: Component PAD26 (PAD?), Symbol=Via_Models:via_pad_ana at (510, 1000), is not connected.
vdraw: Warning 5247: core.1 com PAD27: Component PAD27 (PAD?), Symbol=Via_Models:via_pad_ana at (590, 1000), is not connected.
vdraw: Warning 5247: core.1 com PAD28: Component PAD28 (PAD?), Symbol=Via_Models:via_pad_ana at (670, 1000), is not connected.
vdraw: Warning 5247: core.1 com PAD51: Component PAD51 (PAD?), Symbol=Via_Models:via_pad_ana at (180, 930), is not connected.
vdraw: Warning 5247: core.1 com PAD10: Component PAD10 (PAD?), Symbol=Via_Models:via_pad_ana at (180, 690), is not connected.
vdraw: Warning 5247: core.1 com PAD11: Component PAD11 (PAD?), Symbol=Via_Models:via_pad_ana at (180, 770), is not connected.
vdraw: Warning 5247: core.1 com PAD12: Component PAD12 (PAD?), Symbol=Via_Models:via_pad_ana at (180, 850), is not connected.
vdraw: Warning 5247: core.1 com PAD5: Component PAD5 (PAD?), Symbol=Via_Models:via_pad_ana at (180, 290), is not connected.
vdraw: Warning 5247: core.1 com PAD7: Component PAD7 (PAD?), Symbol=Via_Models:via_pad_ana at (180, 130), is not connected.
vdraw: Warning 5247: core.1 com PAD8: Component PAD8 (PAD?), Symbol=Via_Models:via_pad_ana at (180, 210), is not connected.
vdraw: Warning 5247: core.1 com PAD4: Component PAD4 (PAD?), Symbol=Via_Models:via_pad_ana at (180, 610), is not connected.
vdraw: Warning 5247: core.1 com PAD1: Component PAD1 (PAD1), Symbol=Via_Models:via_pad_ana at (180, 370), is not connected.
vdraw: Warning 5247: core.1 com PAD2: Component PAD2 (PAD?), Symbol=Via_Models:via_pad_ana at (180, 450), is not connected.
vdraw: Warning 5247: core.1 com PAD3: Component PAD3 (PAD?), Symbol=Via_Models:via_pad_ana at (180, 530), is not connected.
vdraw: Warning 5247: core.1 com PAD22: Component PAD22 (PAD?), Symbol=Via_Models:via_pad_ana at (190, 1000), is not connected.
vdraw: Warning 5247: core.1 com PAD42: Component PAD42 (PAD42), Symbol=Via_Models:via_pad_din at (990, 120), is not connected.
vdraw: Warning 5248: Pin MAG1 does not appear in core.1
vdraw: Warning 5248: Pin MAG2 does not appear in core.1
vdraw: Error 5216: Symbol Via_Wizards:via_pad_cell is expected to have pin  according to its PINORDER attribute.
vdraw: Warning 5247: analog_pad.1 com PAD3: Component PAD3 (PAD3), Symbol=Via_Models:via_pad_ana at (340, 640), is not connected.
vdraw: Warning 5247: analog_pad.1 com PAD2: Component PAD2 (PAD2), Symbol=Via_Models:via_pad_ana at (340, 730), is not connected.
vdraw: Note 1138: Pin already connected to net
vdraw: Error 5214: via.1 pin : Symbol via has an unnamed pin at (30, 15). Naming it $?.
vdraw: Error 5214: via.1 pin : Symbol via has an unnamed pin at (0, 15). Naming it $?.
vdraw: Warning 5240: The schematic mux2.1 and its corresponding symbol are being extracted from different directories.
vdraw: Warning 5248: Pin EN does not appear in mux2.1
vdraw: Warning 5248: Pin D0 does not appear in mux2.1
vdraw: Warning 5248: Pin D1 does not appear in mux2.1
vdraw: Warning 5248: Pin OUTPUT does not appear in mux2.1
